The system is: Linux - 4.12.8-2-ARCH - x86_64
Compiling the C compiler identification source file "CMakeCCompilerId.c" succeeded.
Compiler: /usr/bin/cc 
Build flags: 
Id flags:  

The output was:
0


Compilation of the C compiler identification source "CMakeCCompilerId.c" produced "a.out"

The C compiler identification is GNU, found in "/home/rutger/Programming/C++/openGL/Rugine/build/CMakeFiles/3.9.1/CompilerIdC/a.out"

Compiling the CXX compiler identification source file "CMakeCXXCompilerId.cpp" succeeded.
Compiler: /usr/bin/c++ 
Build flags: 
Id flags:  

The output was:
0


Compilation of the CXX compiler identification source "CMakeCXXCompilerId.cpp" produced "a.out"

The CXX compiler identification is GNU, found in "/home/rutger/Programming/C++/openGL/Rugine/build/CMakeFiles/3.9.1/CompilerIdCXX/a.out"

Determining if the C compiler works passed with the following output:
Change Dir: /home/rutger/Programming/C++/openGL/Rugine/build/CMakeFiles/CMakeTmp

Run Build Command:"/usr/bin/make" "cmTC_fd811/fast"
/usr/bin/make -f CMakeFiles/cmTC_fd811.dir/build.make CMakeFiles/cmTC_fd811.dir/build
make[1]: Entering directory '/home/rutger/Programming/C++/openGL/Rugine/build/CMakeFiles/CMakeTmp'
Building C object CMakeFiles/cmTC_fd811.dir/testCCompiler.c.o
/usr/bin/cc    -o CMakeFiles/cmTC_fd811.dir/testCCompiler.c.o   -c /home/rutger/Programming/C++/openGL/Rugine/build/CMakeFiles/CMakeTmp/testCCompiler.c
Linking C executable cmTC_fd811
/usr/bin/cmake -E cmake_link_script CMakeFiles/cmTC_fd811.dir/link.txt --verbose=1
/usr/bin/cc      -rdynamic CMakeFiles/cmTC_fd811.dir/testCCompiler.c.o  -o cmTC_fd811 
make[1]: Leaving directory '/home/rutger/Programming/C++/openGL/Rugine/build/CMakeFiles/CMakeTmp'


Detecting C compiler ABI info compiled with the following output:
Change Dir: /home/rutger/Programming/C++/openGL/Rugine/build/CMakeFiles/CMakeTmp

Run Build Command:"/usr/bin/make" "cmTC_9a32a/fast"
/usr/bin/make -f CMakeFiles/cmTC_9a32a.dir/build.make CMakeFiles/cmTC_9a32a.dir/build
make[1]: Entering directory '/home/rutger/Programming/C++/openGL/Rugine/build/CMakeFiles/CMakeTmp'
Building C object CMakeFiles/cmTC_9a32a.dir/CMakeCCompilerABI.c.o
/usr/bin/cc    -o CMakeFiles/cmTC_9a32a.dir/CMakeCCompilerABI.c.o   -c /usr/share/cmake-3.9/Modules/CMakeCCompilerABI.c
Linking C executable cmTC_9a32a
/usr/bin/cmake -E cmake_link_script CMakeFiles/cmTC_9a32a.dir/link.txt --verbose=1
/usr/bin/cc     -v -rdynamic CMakeFiles/cmTC_9a32a.dir/CMakeCCompilerABI.c.o  -o cmTC_9a32a 
Using built-in specs.
COLLECT_GCC=/usr/bin/cc
COLLECT_LTO_WRAPPER=/usr/lib/gcc/x86_64-pc-linux-gnu/7.1.1/lto-wrapper
Target: x86_64-pc-linux-gnu
Configured with: /build/gcc/src/gcc/configure --prefix=/usr --libdir=/usr/lib --libexecdir=/usr/lib --mandir=/usr/share/man --infodir=/usr/share/info --with-bugurl=https://bugs.archlinux.org/ --enable-languages=c,c++,ada,fortran,go,lto,objc,obj-c++ --enable-shared --enable-threads=posix --enable-libmpx --with-system-zlib --with-isl --enable-__cxa_atexit --disable-libunwind-exceptions --enable-clocale=gnu --disable-libstdcxx-pch --disable-libssp --enable-gnu-unique-object --enable-linker-build-id --enable-lto --enable-plugin --enable-install-libiberty --with-linker-hash-style=gnu --enable-gnu-indirect-function --disable-multilib --disable-werror --enable-checking=release --enable-default-pie --enable-default-ssp
Thread model: posix
gcc version 7.1.1 20170630 (GCC) 
COMPILER_PATH=/usr/lib/gcc/x86_64-pc-linux-gnu/7.1.1/:/usr/lib/gcc/x86_64-pc-linux-gnu/7.1.1/:/usr/lib/gcc/x86_64-pc-linux-gnu/:/usr/lib/gcc/x86_64-pc-linux-gnu/7.1.1/:/usr/lib/gcc/x86_64-pc-linux-gnu/
LIBRARY_PATH=/usr/lib/gcc/x86_64-pc-linux-gnu/7.1.1/:/usr/lib/gcc/x86_64-pc-linux-gnu/7.1.1/../../../../lib/:/lib/../lib/:/usr/lib/../lib/:/usr/lib/gcc/x86_64-pc-linux-gnu/7.1.1/../../../:/lib/:/usr/lib/
COLLECT_GCC_OPTIONS='-v' '-rdynamic' '-o' 'cmTC_9a32a' '-mtune=generic' '-march=x86-64'
 /usr/lib/gcc/x86_64-pc-linux-gnu/7.1.1/collect2 -plugin /usr/lib/gcc/x86_64-pc-linux-gnu/7.1.1/liblto_plugin.so -plugin-opt=/usr/lib/gcc/x86_64-pc-linux-gnu/7.1.1/lto-wrapper -plugin-opt=-fresolution=/tmp/ccErLvPX.res -plugin-opt=-pass-through=-lgcc -plugin-opt=-pass-through=-lgcc_s -plugin-opt=-pass-through=-lc -plugin-opt=-pass-through=-lgcc -plugin-opt=-pass-through=-lgcc_s --build-id --eh-frame-hdr --hash-style=gnu -m elf_x86_64 -export-dynamic -dynamic-linker /lib64/ld-linux-x86-64.so.2 -pie -o cmTC_9a32a /usr/lib/gcc/x86_64-pc-linux-gnu/7.1.1/../../../../lib/Scrt1.o /usr/lib/gcc/x86_64-pc-linux-gnu/7.1.1/../../../../lib/crti.o /usr/lib/gcc/x86_64-pc-linux-gnu/7.1.1/crtbeginS.o -L/usr/lib/gcc/x86_64-pc-linux-gnu/7.1.1 -L/usr/lib/gcc/x86_64-pc-linux-gnu/7.1.1/../../../../lib -L/lib/../lib -L/usr/lib/../lib -L/usr/lib/gcc/x86_64-pc-linux-gnu/7.1.1/../../.. CMakeFiles/cmTC_9a32a.dir/CMakeCCompilerABI.c.o -lgcc --as-needed -lgcc_s --no-as-needed -lc -lgcc --as-needed -lgcc_s --no-as-needed /usr/lib/gcc/x86_64-pc-linux-gnu/7.1.1/crtendS.o /usr/lib/gcc/x86_64-pc-linux-gnu/7.1.1/../../../../lib/crtn.o
COLLECT_GCC_OPTIONS='-v' '-rdynamic' '-o' 'cmTC_9a32a' '-mtune=generic' '-march=x86-64'
make[1]: Leaving directory '/home/rutger/Programming/C++/openGL/Rugine/build/CMakeFiles/CMakeTmp'


Parsed C implicit link information from above output:
  link line regex: [^( *|.*[/\])(ld|CMAKE_LINK_STARTFILE-NOTFOUND|([^/\]+-)?ld|collect2)[^/\]*( |$)]
  ignore line: [Change Dir: /home/rutger/Programming/C++/openGL/Rugine/build/CMakeFiles/CMakeTmp]
  ignore line: []
  ignore line: [Run Build Command:"/usr/bin/make" "cmTC_9a32a/fast"]
  ignore line: [/usr/bin/make -f CMakeFiles/cmTC_9a32a.dir/build.make CMakeFiles/cmTC_9a32a.dir/build]
  ignore line: [make[1]: Entering directory '/home/rutger/Programming/C++/openGL/Rugine/build/CMakeFiles/CMakeTmp']
  ignore line: [Building C object CMakeFiles/cmTC_9a32a.dir/CMakeCCompilerABI.c.o]
  ignore line: [/usr/bin/cc    -o CMakeFiles/cmTC_9a32a.dir/CMakeCCompilerABI.c.o   -c /usr/share/cmake-3.9/Modules/CMakeCCompilerABI.c]
  ignore line: [Linking C executable cmTC_9a32a]
  ignore line: [/usr/bin/cmake -E cmake_link_script CMakeFiles/cmTC_9a32a.dir/link.txt --verbose=1]
  ignore line: [/usr/bin/cc     -v -rdynamic CMakeFiles/cmTC_9a32a.dir/CMakeCCompilerABI.c.o  -o cmTC_9a32a ]
  ignore line: [Using built-in specs.]
  ignore line: [COLLECT_GCC=/usr/bin/cc]
  ignore line: [COLLECT_LTO_WRAPPER=/usr/lib/gcc/x86_64-pc-linux-gnu/7.1.1/lto-wrapper]
  ignore line: [Target: x86_64-pc-linux-gnu]
  ignore line: [Configured with: /build/gcc/src/gcc/configure --prefix=/usr --libdir=/usr/lib --libexecdir=/usr/lib --mandir=/usr/share/man --infodir=/usr/share/info --with-bugurl=https://bugs.archlinux.org/ --enable-languages=c,c++,ada,fortran,go,lto,objc,obj-c++ --enable-shared --enable-threads=posix --enable-libmpx --with-system-zlib --with-isl --enable-__cxa_atexit --disable-libunwind-exceptions --enable-clocale=gnu --disable-libstdcxx-pch --disable-libssp --enable-gnu-unique-object --enable-linker-build-id --enable-lto --enable-plugin --enable-install-libiberty --with-linker-hash-style=gnu --enable-gnu-indirect-function --disable-multilib --disable-werror --enable-checking=release --enable-default-pie --enable-default-ssp]
  ignore line: [Thread model: posix]
  ignore line: [gcc version 7.1.1 20170630 (GCC) ]
  ignore line: [COMPILER_PATH=/usr/lib/gcc/x86_64-pc-linux-gnu/7.1.1/:/usr/lib/gcc/x86_64-pc-linux-gnu/7.1.1/:/usr/lib/gcc/x86_64-pc-linux-gnu/:/usr/lib/gcc/x86_64-pc-linux-gnu/7.1.1/:/usr/lib/gcc/x86_64-pc-linux-gnu/]
  ignore line: [LIBRARY_PATH=/usr/lib/gcc/x86_64-pc-linux-gnu/7.1.1/:/usr/lib/gcc/x86_64-pc-linux-gnu/7.1.1/../../../../lib/:/lib/../lib/:/usr/lib/../lib/:/usr/lib/gcc/x86_64-pc-linux-gnu/7.1.1/../../../:/lib/:/usr/lib/]
  ignore line: [COLLECT_GCC_OPTIONS='-v' '-rdynamic' '-o' 'cmTC_9a32a' '-mtune=generic' '-march=x86-64']
  link line: [ /usr/lib/gcc/x86_64-pc-linux-gnu/7.1.1/collect2 -plugin /usr/lib/gcc/x86_64-pc-linux-gnu/7.1.1/liblto_plugin.so -plugin-opt=/usr/lib/gcc/x86_64-pc-linux-gnu/7.1.1/lto-wrapper -plugin-opt=-fresolution=/tmp/ccErLvPX.res -plugin-opt=-pass-through=-lgcc -plugin-opt=-pass-through=-lgcc_s -plugin-opt=-pass-through=-lc -plugin-opt=-pass-through=-lgcc -plugin-opt=-pass-through=-lgcc_s --build-id --eh-frame-hdr --hash-style=gnu -m elf_x86_64 -export-dynamic -dynamic-linker /lib64/ld-linux-x86-64.so.2 -pie -o cmTC_9a32a /usr/lib/gcc/x86_64-pc-linux-gnu/7.1.1/../../../../lib/Scrt1.o /usr/lib/gcc/x86_64-pc-linux-gnu/7.1.1/../../../../lib/crti.o /usr/lib/gcc/x86_64-pc-linux-gnu/7.1.1/crtbeginS.o -L/usr/lib/gcc/x86_64-pc-linux-gnu/7.1.1 -L/usr/lib/gcc/x86_64-pc-linux-gnu/7.1.1/../../../../lib -L/lib/../lib -L/usr/lib/../lib -L/usr/lib/gcc/x86_64-pc-linux-gnu/7.1.1/../../.. CMakeFiles/cmTC_9a32a.dir/CMakeCCompilerABI.c.o -lgcc --as-needed -lgcc_s --no-as-needed -lc -lgcc --as-needed -lgcc_s --no-as-needed /usr/lib/gcc/x86_64-pc-linux-gnu/7.1.1/crtendS.o /usr/lib/gcc/x86_64-pc-linux-gnu/7.1.1/../../../../lib/crtn.o]
    arg [/usr/lib/gcc/x86_64-pc-linux-gnu/7.1.1/collect2] ==> ignore
    arg [-plugin] ==> ignore
    arg [/usr/lib/gcc/x86_64-pc-linux-gnu/7.1.1/liblto_plugin.so] ==> ignore
    arg [-plugin-opt=/usr/lib/gcc/x86_64-pc-linux-gnu/7.1.1/lto-wrapper] ==> ignore
    arg [-plugin-opt=-fresolution=/tmp/ccErLvPX.res] ==> ignore
    arg [-plugin-opt=-pass-through=-lgcc] ==> ignore
    arg [-plugin-opt=-pass-through=-lgcc_s] ==> ignore
    arg [-plugin-opt=-pass-through=-lc] ==> ignore
    arg [-plugin-opt=-pass-through=-lgcc] ==> ignore
    arg [-plugin-opt=-pass-through=-lgcc_s] ==> ignore
    arg [--build-id] ==> ignore
    arg [--eh-frame-hdr] ==> ignore
    arg [--hash-style=gnu] ==> ignore
    arg [-m] ==> ignore
    arg [elf_x86_64] ==> ignore
    arg [-export-dynamic] ==> ignore
    arg [-dynamic-linker] ==> ignore
    arg [/lib64/ld-linux-x86-64.so.2] ==> ignore
    arg [-pie] ==> ignore
    arg [-o] ==> ignore
    arg [cmTC_9a32a] ==> ignore
    arg [/usr/lib/gcc/x86_64-pc-linux-gnu/7.1.1/../../../../lib/Scrt1.o] ==> ignore
    arg [/usr/lib/gcc/x86_64-pc-linux-gnu/7.1.1/../../../../lib/crti.o] ==> ignore
    arg [/usr/lib/gcc/x86_64-pc-linux-gnu/7.1.1/crtbeginS.o] ==> ignore
    arg [-L/usr/lib/gcc/x86_64-pc-linux-gnu/7.1.1] ==> dir [/usr/lib/gcc/x86_64-pc-linux-gnu/7.1.1]
    arg [-L/usr/lib/gcc/x86_64-pc-linux-gnu/7.1.1/../../../../lib] ==> dir [/usr/lib/gcc/x86_64-pc-linux-gnu/7.1.1/../../../../lib]
    arg [-L/lib/../lib] ==> dir [/lib/../lib]
    arg [-L/usr/lib/../lib] ==> dir [/usr/lib/../lib]
    arg [-L/usr/lib/gcc/x86_64-pc-linux-gnu/7.1.1/../../..] ==> dir [/usr/lib/gcc/x86_64-pc-linux-gnu/7.1.1/../../..]
    arg [CMakeFiles/cmTC_9a32a.dir/CMakeCCompilerABI.c.o] ==> ignore
    arg [-lgcc] ==> lib [gcc]
    arg [--as-needed] ==> ignore
    arg [-lgcc_s] ==> lib [gcc_s]
    arg [--no-as-needed] ==> ignore
    arg [-lc] ==> lib [c]
    arg [-lgcc] ==> lib [gcc]
    arg [--as-needed] ==> ignore
    arg [-lgcc_s] ==> lib [gcc_s]
    arg [--no-as-needed] ==> ignore
    arg [/usr/lib/gcc/x86_64-pc-linux-gnu/7.1.1/crtendS.o] ==> ignore
    arg [/usr/lib/gcc/x86_64-pc-linux-gnu/7.1.1/../../../../lib/crtn.o] ==> ignore
  collapse library dir [/usr/lib/gcc/x86_64-pc-linux-gnu/7.1.1] ==> [/usr/lib/gcc/x86_64-pc-linux-gnu/7.1.1]
  collapse library dir [/usr/lib/gcc/x86_64-pc-linux-gnu/7.1.1/../../../../lib] ==> [/usr/lib]
  collapse library dir [/lib/../lib] ==> [/lib]
  collapse library dir [/usr/lib/../lib] ==> [/usr/lib]
  collapse library dir [/usr/lib/gcc/x86_64-pc-linux-gnu/7.1.1/../../..] ==> [/usr/lib]
  implicit libs: [gcc;gcc_s;c;gcc;gcc_s]
  implicit dirs: [/usr/lib/gcc/x86_64-pc-linux-gnu/7.1.1;/usr/lib;/lib]
  implicit fwks: []




Detecting C [-std=c11] compiler features compiled with the following output:
Change Dir: /home/rutger/Programming/C++/openGL/Rugine/build/CMakeFiles/CMakeTmp

Run Build Command:"/usr/bin/make" "cmTC_e8c41/fast"
/usr/bin/make -f CMakeFiles/cmTC_e8c41.dir/build.make CMakeFiles/cmTC_e8c41.dir/build
make[1]: Entering directory '/home/rutger/Programming/C++/openGL/Rugine/build/CMakeFiles/CMakeTmp'
Building C object CMakeFiles/cmTC_e8c41.dir/feature_tests.c.o
/usr/bin/cc   -std=c11 -o CMakeFiles/cmTC_e8c41.dir/feature_tests.c.o   -c /home/rutger/Programming/C++/openGL/Rugine/build/CMakeFiles/feature_tests.c
Linking C executable cmTC_e8c41
/usr/bin/cmake -E cmake_link_script CMakeFiles/cmTC_e8c41.dir/link.txt --verbose=1
/usr/bin/cc      -rdynamic CMakeFiles/cmTC_e8c41.dir/feature_tests.c.o  -o cmTC_e8c41 
make[1]: Leaving directory '/home/rutger/Programming/C++/openGL/Rugine/build/CMakeFiles/CMakeTmp'


    Feature record: C_FEATURE:1c_function_prototypes
    Feature record: C_FEATURE:1c_restrict
    Feature record: C_FEATURE:1c_static_assert
    Feature record: C_FEATURE:1c_variadic_macros


Detecting C [-std=c99] compiler features compiled with the following output:
Change Dir: /home/rutger/Programming/C++/openGL/Rugine/build/CMakeFiles/CMakeTmp

Run Build Command:"/usr/bin/make" "cmTC_59fae/fast"
/usr/bin/make -f CMakeFiles/cmTC_59fae.dir/build.make CMakeFiles/cmTC_59fae.dir/build
make[1]: Entering directory '/home/rutger/Programming/C++/openGL/Rugine/build/CMakeFiles/CMakeTmp'
Building C object CMakeFiles/cmTC_59fae.dir/feature_tests.c.o
/usr/bin/cc   -std=c99 -o CMakeFiles/cmTC_59fae.dir/feature_tests.c.o   -c /home/rutger/Programming/C++/openGL/Rugine/build/CMakeFiles/feature_tests.c
Linking C executable cmTC_59fae
/usr/bin/cmake -E cmake_link_script CMakeFiles/cmTC_59fae.dir/link.txt --verbose=1
/usr/bin/cc      -rdynamic CMakeFiles/cmTC_59fae.dir/feature_tests.c.o  -o cmTC_59fae 
make[1]: Leaving directory '/home/rutger/Programming/C++/openGL/Rugine/build/CMakeFiles/CMakeTmp'


    Feature record: C_FEATURE:1c_function_prototypes
    Feature record: C_FEATURE:1c_restrict
    Feature record: C_FEATURE:0c_static_assert
    Feature record: C_FEATURE:1c_variadic_macros


Detecting C [-std=c90] compiler features compiled with the following output:
Change Dir: /home/rutger/Programming/C++/openGL/Rugine/build/CMakeFiles/CMakeTmp

Run Build Command:"/usr/bin/make" "cmTC_7facd/fast"
/usr/bin/make -f CMakeFiles/cmTC_7facd.dir/build.make CMakeFiles/cmTC_7facd.dir/build
make[1]: Entering directory '/home/rutger/Programming/C++/openGL/Rugine/build/CMakeFiles/CMakeTmp'
Building C object CMakeFiles/cmTC_7facd.dir/feature_tests.c.o
/usr/bin/cc   -std=c90 -o CMakeFiles/cmTC_7facd.dir/feature_tests.c.o   -c /home/rutger/Programming/C++/openGL/Rugine/build/CMakeFiles/feature_tests.c
Linking C executable cmTC_7facd
/usr/bin/cmake -E cmake_link_script CMakeFiles/cmTC_7facd.dir/link.txt --verbose=1
/usr/bin/cc      -rdynamic CMakeFiles/cmTC_7facd.dir/feature_tests.c.o  -o cmTC_7facd 
make[1]: Leaving directory '/home/rutger/Programming/C++/openGL/Rugine/build/CMakeFiles/CMakeTmp'


    Feature record: C_FEATURE:1c_function_prototypes
    Feature record: C_FEATURE:0c_restrict
    Feature record: C_FEATURE:0c_static_assert
    Feature record: C_FEATURE:0c_variadic_macros
Determining if the CXX compiler works passed with the following output:
Change Dir: /home/rutger/Programming/C++/openGL/Rugine/build/CMakeFiles/CMakeTmp

Run Build Command:"/usr/bin/make" "cmTC_490c3/fast"
/usr/bin/make -f CMakeFiles/cmTC_490c3.dir/build.make CMakeFiles/cmTC_490c3.dir/build
make[1]: Entering directory '/home/rutger/Programming/C++/openGL/Rugine/build/CMakeFiles/CMakeTmp'
Building CXX object CMakeFiles/cmTC_490c3.dir/testCXXCompiler.cxx.o
/usr/bin/c++     -o CMakeFiles/cmTC_490c3.dir/testCXXCompiler.cxx.o -c /home/rutger/Programming/C++/openGL/Rugine/build/CMakeFiles/CMakeTmp/testCXXCompiler.cxx
Linking CXX executable cmTC_490c3
/usr/bin/cmake -E cmake_link_script CMakeFiles/cmTC_490c3.dir/link.txt --verbose=1
/usr/bin/c++       -rdynamic CMakeFiles/cmTC_490c3.dir/testCXXCompiler.cxx.o  -o cmTC_490c3 
make[1]: Leaving directory '/home/rutger/Programming/C++/openGL/Rugine/build/CMakeFiles/CMakeTmp'


Detecting CXX compiler ABI info compiled with the following output:
Change Dir: /home/rutger/Programming/C++/openGL/Rugine/build/CMakeFiles/CMakeTmp

Run Build Command:"/usr/bin/make" "cmTC_9274d/fast"
/usr/bin/make -f CMakeFiles/cmTC_9274d.dir/build.make CMakeFiles/cmTC_9274d.dir/build
make[1]: Entering directory '/home/rutger/Programming/C++/openGL/Rugine/build/CMakeFiles/CMakeTmp'
Building CXX object CMakeFiles/cmTC_9274d.dir/CMakeCXXCompilerABI.cpp.o
/usr/bin/c++     -o CMakeFiles/cmTC_9274d.dir/CMakeCXXCompilerABI.cpp.o -c /usr/share/cmake-3.9/Modules/CMakeCXXCompilerABI.cpp
Linking CXX executable cmTC_9274d
/usr/bin/cmake -E cmake_link_script CMakeFiles/cmTC_9274d.dir/link.txt --verbose=1
/usr/bin/c++      -v -rdynamic CMakeFiles/cmTC_9274d.dir/CMakeCXXCompilerABI.cpp.o  -o cmTC_9274d 
Using built-in specs.
COLLECT_GCC=/usr/bin/c++
COLLECT_LTO_WRAPPER=/usr/lib/gcc/x86_64-pc-linux-gnu/7.1.1/lto-wrapper
Target: x86_64-pc-linux-gnu
Configured with: /build/gcc/src/gcc/configure --prefix=/usr --libdir=/usr/lib --libexecdir=/usr/lib --mandir=/usr/share/man --infodir=/usr/share/info --with-bugurl=https://bugs.archlinux.org/ --enable-languages=c,c++,ada,fortran,go,lto,objc,obj-c++ --enable-shared --enable-threads=posix --enable-libmpx --with-system-zlib --with-isl --enable-__cxa_atexit --disable-libunwind-exceptions --enable-clocale=gnu --disable-libstdcxx-pch --disable-libssp --enable-gnu-unique-object --enable-linker-build-id --enable-lto --enable-plugin --enable-install-libiberty --with-linker-hash-style=gnu --enable-gnu-indirect-function --disable-multilib --disable-werror --enable-checking=release --enable-default-pie --enable-default-ssp
Thread model: posix
gcc version 7.1.1 20170630 (GCC) 
COMPILER_PATH=/usr/lib/gcc/x86_64-pc-linux-gnu/7.1.1/:/usr/lib/gcc/x86_64-pc-linux-gnu/7.1.1/:/usr/lib/gcc/x86_64-pc-linux-gnu/:/usr/lib/gcc/x86_64-pc-linux-gnu/7.1.1/:/usr/lib/gcc/x86_64-pc-linux-gnu/
LIBRARY_PATH=/usr/lib/gcc/x86_64-pc-linux-gnu/7.1.1/:/usr/lib/gcc/x86_64-pc-linux-gnu/7.1.1/../../../../lib/:/lib/../lib/:/usr/lib/../lib/:/usr/lib/gcc/x86_64-pc-linux-gnu/7.1.1/../../../:/lib/:/usr/lib/
COLLECT_GCC_OPTIONS='-v' '-rdynamic' '-o' 'cmTC_9274d' '-shared-libgcc' '-mtune=generic' '-march=x86-64'
 /usr/lib/gcc/x86_64-pc-linux-gnu/7.1.1/collect2 -plugin /usr/lib/gcc/x86_64-pc-linux-gnu/7.1.1/liblto_plugin.so -plugin-opt=/usr/lib/gcc/x86_64-pc-linux-gnu/7.1.1/lto-wrapper -plugin-opt=-fresolution=/tmp/ccAoW8fu.res -plugin-opt=-pass-through=-lgcc_s -plugin-opt=-pass-through=-lgcc -plugin-opt=-pass-through=-lc -plugin-opt=-pass-through=-lgcc_s -plugin-opt=-pass-through=-lgcc --build-id --eh-frame-hdr --hash-style=gnu -m elf_x86_64 -export-dynamic -dynamic-linker /lib64/ld-linux-x86-64.so.2 -pie -o cmTC_9274d /usr/lib/gcc/x86_64-pc-linux-gnu/7.1.1/../../../../lib/Scrt1.o /usr/lib/gcc/x86_64-pc-linux-gnu/7.1.1/../../../../lib/crti.o /usr/lib/gcc/x86_64-pc-linux-gnu/7.1.1/crtbeginS.o -L/usr/lib/gcc/x86_64-pc-linux-gnu/7.1.1 -L/usr/lib/gcc/x86_64-pc-linux-gnu/7.1.1/../../../../lib -L/lib/../lib -L/usr/lib/../lib -L/usr/lib/gcc/x86_64-pc-linux-gnu/7.1.1/../../.. CMakeFiles/cmTC_9274d.dir/CMakeCXXCompilerABI.cpp.o -lstdc++ -lm -lgcc_s -lgcc -lc -lgcc_s -lgcc /usr/lib/gcc/x86_64-pc-linux-gnu/7.1.1/crtendS.o /usr/lib/gcc/x86_64-pc-linux-gnu/7.1.1/../../../../lib/crtn.o
COLLECT_GCC_OPTIONS='-v' '-rdynamic' '-o' 'cmTC_9274d' '-shared-libgcc' '-mtune=generic' '-march=x86-64'
make[1]: Leaving directory '/home/rutger/Programming/C++/openGL/Rugine/build/CMakeFiles/CMakeTmp'


Parsed CXX implicit link information from above output:
  link line regex: [^( *|.*[/\])(ld|CMAKE_LINK_STARTFILE-NOTFOUND|([^/\]+-)?ld|collect2)[^/\]*( |$)]
  ignore line: [Change Dir: /home/rutger/Programming/C++/openGL/Rugine/build/CMakeFiles/CMakeTmp]
  ignore line: []
  ignore line: [Run Build Command:"/usr/bin/make" "cmTC_9274d/fast"]
  ignore line: [/usr/bin/make -f CMakeFiles/cmTC_9274d.dir/build.make CMakeFiles/cmTC_9274d.dir/build]
  ignore line: [make[1]: Entering directory '/home/rutger/Programming/C++/openGL/Rugine/build/CMakeFiles/CMakeTmp']
  ignore line: [Building CXX object CMakeFiles/cmTC_9274d.dir/CMakeCXXCompilerABI.cpp.o]
  ignore line: [/usr/bin/c++     -o CMakeFiles/cmTC_9274d.dir/CMakeCXXCompilerABI.cpp.o -c /usr/share/cmake-3.9/Modules/CMakeCXXCompilerABI.cpp]
  ignore line: [Linking CXX executable cmTC_9274d]
  ignore line: [/usr/bin/cmake -E cmake_link_script CMakeFiles/cmTC_9274d.dir/link.txt --verbose=1]
  ignore line: [/usr/bin/c++      -v -rdynamic CMakeFiles/cmTC_9274d.dir/CMakeCXXCompilerABI.cpp.o  -o cmTC_9274d ]
  ignore line: [Using built-in specs.]
  ignore line: [COLLECT_GCC=/usr/bin/c++]
  ignore line: [COLLECT_LTO_WRAPPER=/usr/lib/gcc/x86_64-pc-linux-gnu/7.1.1/lto-wrapper]
  ignore line: [Target: x86_64-pc-linux-gnu]
  ignore line: [Configured with: /build/gcc/src/gcc/configure --prefix=/usr --libdir=/usr/lib --libexecdir=/usr/lib --mandir=/usr/share/man --infodir=/usr/share/info --with-bugurl=https://bugs.archlinux.org/ --enable-languages=c,c++,ada,fortran,go,lto,objc,obj-c++ --enable-shared --enable-threads=posix --enable-libmpx --with-system-zlib --with-isl --enable-__cxa_atexit --disable-libunwind-exceptions --enable-clocale=gnu --disable-libstdcxx-pch --disable-libssp --enable-gnu-unique-object --enable-linker-build-id --enable-lto --enable-plugin --enable-install-libiberty --with-linker-hash-style=gnu --enable-gnu-indirect-function --disable-multilib --disable-werror --enable-checking=release --enable-default-pie --enable-default-ssp]
  ignore line: [Thread model: posix]
  ignore line: [gcc version 7.1.1 20170630 (GCC) ]
  ignore line: [COMPILER_PATH=/usr/lib/gcc/x86_64-pc-linux-gnu/7.1.1/:/usr/lib/gcc/x86_64-pc-linux-gnu/7.1.1/:/usr/lib/gcc/x86_64-pc-linux-gnu/:/usr/lib/gcc/x86_64-pc-linux-gnu/7.1.1/:/usr/lib/gcc/x86_64-pc-linux-gnu/]
  ignore line: [LIBRARY_PATH=/usr/lib/gcc/x86_64-pc-linux-gnu/7.1.1/:/usr/lib/gcc/x86_64-pc-linux-gnu/7.1.1/../../../../lib/:/lib/../lib/:/usr/lib/../lib/:/usr/lib/gcc/x86_64-pc-linux-gnu/7.1.1/../../../:/lib/:/usr/lib/]
  ignore line: [COLLECT_GCC_OPTIONS='-v' '-rdynamic' '-o' 'cmTC_9274d' '-shared-libgcc' '-mtune=generic' '-march=x86-64']
  link line: [ /usr/lib/gcc/x86_64-pc-linux-gnu/7.1.1/collect2 -plugin /usr/lib/gcc/x86_64-pc-linux-gnu/7.1.1/liblto_plugin.so -plugin-opt=/usr/lib/gcc/x86_64-pc-linux-gnu/7.1.1/lto-wrapper -plugin-opt=-fresolution=/tmp/ccAoW8fu.res -plugin-opt=-pass-through=-lgcc_s -plugin-opt=-pass-through=-lgcc -plugin-opt=-pass-through=-lc -plugin-opt=-pass-through=-lgcc_s -plugin-opt=-pass-through=-lgcc --build-id --eh-frame-hdr --hash-style=gnu -m elf_x86_64 -export-dynamic -dynamic-linker /lib64/ld-linux-x86-64.so.2 -pie -o cmTC_9274d /usr/lib/gcc/x86_64-pc-linux-gnu/7.1.1/../../../../lib/Scrt1.o /usr/lib/gcc/x86_64-pc-linux-gnu/7.1.1/../../../../lib/crti.o /usr/lib/gcc/x86_64-pc-linux-gnu/7.1.1/crtbeginS.o -L/usr/lib/gcc/x86_64-pc-linux-gnu/7.1.1 -L/usr/lib/gcc/x86_64-pc-linux-gnu/7.1.1/../../../../lib -L/lib/../lib -L/usr/lib/../lib -L/usr/lib/gcc/x86_64-pc-linux-gnu/7.1.1/../../.. CMakeFiles/cmTC_9274d.dir/CMakeCXXCompilerABI.cpp.o -lstdc++ -lm -lgcc_s -lgcc -lc -lgcc_s -lgcc /usr/lib/gcc/x86_64-pc-linux-gnu/7.1.1/crtendS.o /usr/lib/gcc/x86_64-pc-linux-gnu/7.1.1/../../../../lib/crtn.o]
    arg [/usr/lib/gcc/x86_64-pc-linux-gnu/7.1.1/collect2] ==> ignore
    arg [-plugin] ==> ignore
    arg [/usr/lib/gcc/x86_64-pc-linux-gnu/7.1.1/liblto_plugin.so] ==> ignore
    arg [-plugin-opt=/usr/lib/gcc/x86_64-pc-linux-gnu/7.1.1/lto-wrapper] ==> ignore
    arg [-plugin-opt=-fresolution=/tmp/ccAoW8fu.res] ==> ignore
    arg [-plugin-opt=-pass-through=-lgcc_s] ==> ignore
    arg [-plugin-opt=-pass-through=-lgcc] ==> ignore
    arg [-plugin-opt=-pass-through=-lc] ==> ignore
    arg [-plugin-opt=-pass-through=-lgcc_s] ==> ignore
    arg [-plugin-opt=-pass-through=-lgcc] ==> ignore
    arg [--build-id] ==> ignore
    arg [--eh-frame-hdr] ==> ignore
    arg [--hash-style=gnu] ==> ignore
    arg [-m] ==> ignore
    arg [elf_x86_64] ==> ignore
    arg [-export-dynamic] ==> ignore
    arg [-dynamic-linker] ==> ignore
    arg [/lib64/ld-linux-x86-64.so.2] ==> ignore
    arg [-pie] ==> ignore
    arg [-o] ==> ignore
    arg [cmTC_9274d] ==> ignore
    arg [/usr/lib/gcc/x86_64-pc-linux-gnu/7.1.1/../../../../lib/Scrt1.o] ==> ignore
    arg [/usr/lib/gcc/x86_64-pc-linux-gnu/7.1.1/../../../../lib/crti.o] ==> ignore
    arg [/usr/lib/gcc/x86_64-pc-linux-gnu/7.1.1/crtbeginS.o] ==> ignore
    arg [-L/usr/lib/gcc/x86_64-pc-linux-gnu/7.1.1] ==> dir [/usr/lib/gcc/x86_64-pc-linux-gnu/7.1.1]
    arg [-L/usr/lib/gcc/x86_64-pc-linux-gnu/7.1.1/../../../../lib] ==> dir [/usr/lib/gcc/x86_64-pc-linux-gnu/7.1.1/../../../../lib]
    arg [-L/lib/../lib] ==> dir [/lib/../lib]
    arg [-L/usr/lib/../lib] ==> dir [/usr/lib/../lib]
    arg [-L/usr/lib/gcc/x86_64-pc-linux-gnu/7.1.1/../../..] ==> dir [/usr/lib/gcc/x86_64-pc-linux-gnu/7.1.1/../../..]
    arg [CMakeFiles/cmTC_9274d.dir/CMakeCXXCompilerABI.cpp.o] ==> ignore
    arg [-lstdc++] ==> lib [stdc++]
    arg [-lm] ==> lib [m]
    arg [-lgcc_s] ==> lib [gcc_s]
    arg [-lgcc] ==> lib [gcc]
    arg [-lc] ==> lib [c]
    arg [-lgcc_s] ==> lib [gcc_s]
    arg [-lgcc] ==> lib [gcc]
    arg [/usr/lib/gcc/x86_64-pc-linux-gnu/7.1.1/crtendS.o] ==> ignore
    arg [/usr/lib/gcc/x86_64-pc-linux-gnu/7.1.1/../../../../lib/crtn.o] ==> ignore
  collapse library dir [/usr/lib/gcc/x86_64-pc-linux-gnu/7.1.1] ==> [/usr/lib/gcc/x86_64-pc-linux-gnu/7.1.1]
  collapse library dir [/usr/lib/gcc/x86_64-pc-linux-gnu/7.1.1/../../../../lib] ==> [/usr/lib]
  collapse library dir [/lib/../lib] ==> [/lib]
  collapse library dir [/usr/lib/../lib] ==> [/usr/lib]
  collapse library dir [/usr/lib/gcc/x86_64-pc-linux-gnu/7.1.1/../../..] ==> [/usr/lib]
  implicit libs: [stdc++;m;gcc_s;gcc;c;gcc_s;gcc]
  implicit dirs: [/usr/lib/gcc/x86_64-pc-linux-gnu/7.1.1;/usr/lib;/lib]
  implicit fwks: []




Detecting CXX [-std=c++1z] compiler features compiled with the following output:
Change Dir: /home/rutger/Programming/C++/openGL/Rugine/build/CMakeFiles/CMakeTmp

Run Build Command:"/usr/bin/make" "cmTC_ac257/fast"
/usr/bin/make -f CMakeFiles/cmTC_ac257.dir/build.make CMakeFiles/cmTC_ac257.dir/build
make[1]: Entering directory '/home/rutger/Programming/C++/openGL/Rugine/build/CMakeFiles/CMakeTmp'
Building CXX object CMakeFiles/cmTC_ac257.dir/feature_tests.cxx.o
/usr/bin/c++    -std=c++1z -o CMakeFiles/cmTC_ac257.dir/feature_tests.cxx.o -c /home/rutger/Programming/C++/openGL/Rugine/build/CMakeFiles/feature_tests.cxx
Linking CXX executable cmTC_ac257
/usr/bin/cmake -E cmake_link_script CMakeFiles/cmTC_ac257.dir/link.txt --verbose=1
/usr/bin/c++       -rdynamic CMakeFiles/cmTC_ac257.dir/feature_tests.cxx.o  -o cmTC_ac257 
make[1]: Leaving directory '/home/rutger/Programming/C++/openGL/Rugine/build/CMakeFiles/CMakeTmp'


    Feature record: CXX_FEATURE:1cxx_aggregate_default_initializers
    Feature record: CXX_FEATURE:1cxx_alias_templates
    Feature record: CXX_FEATURE:1cxx_alignas
    Feature record: CXX_FEATURE:1cxx_alignof
    Feature record: CXX_FEATURE:1cxx_attributes
    Feature record: CXX_FEATURE:1cxx_attribute_deprecated
    Feature record: CXX_FEATURE:1cxx_auto_type
    Feature record: CXX_FEATURE:1cxx_binary_literals
    Feature record: CXX_FEATURE:1cxx_constexpr
    Feature record: CXX_FEATURE:1cxx_contextual_conversions
    Feature record: CXX_FEATURE:1cxx_decltype
    Feature record: CXX_FEATURE:1cxx_decltype_auto
    Feature record: CXX_FEATURE:1cxx_decltype_incomplete_return_types
    Feature record: CXX_FEATURE:1cxx_default_function_template_args
    Feature record: CXX_FEATURE:1cxx_defaulted_functions
    Feature record: CXX_FEATURE:1cxx_defaulted_move_initializers
    Feature record: CXX_FEATURE:1cxx_delegating_constructors
    Feature record: CXX_FEATURE:1cxx_deleted_functions
    Feature record: CXX_FEATURE:1cxx_digit_separators
    Feature record: CXX_FEATURE:1cxx_enum_forward_declarations
    Feature record: CXX_FEATURE:1cxx_explicit_conversions
    Feature record: CXX_FEATURE:1cxx_extended_friend_declarations
    Feature record: CXX_FEATURE:1cxx_extern_templates
    Feature record: CXX_FEATURE:1cxx_final
    Feature record: CXX_FEATURE:1cxx_func_identifier
    Feature record: CXX_FEATURE:1cxx_generalized_initializers
    Feature record: CXX_FEATURE:1cxx_generic_lambdas
    Feature record: CXX_FEATURE:1cxx_inheriting_constructors
    Feature record: CXX_FEATURE:1cxx_inline_namespaces
    Feature record: CXX_FEATURE:1cxx_lambdas
    Feature record: CXX_FEATURE:1cxx_lambda_init_captures
    Feature record: CXX_FEATURE:1cxx_local_type_template_args
    Feature record: CXX_FEATURE:1cxx_long_long_type
    Feature record: CXX_FEATURE:1cxx_noexcept
    Feature record: CXX_FEATURE:1cxx_nonstatic_member_init
    Feature record: CXX_FEATURE:1cxx_nullptr
    Feature record: CXX_FEATURE:1cxx_override
    Feature record: CXX_FEATURE:1cxx_range_for
    Feature record: CXX_FEATURE:1cxx_raw_string_literals
    Feature record: CXX_FEATURE:1cxx_reference_qualified_functions
    Feature record: CXX_FEATURE:1cxx_relaxed_constexpr
    Feature record: CXX_FEATURE:1cxx_return_type_deduction
    Feature record: CXX_FEATURE:1cxx_right_angle_brackets
    Feature record: CXX_FEATURE:1cxx_rvalue_references
    Feature record: CXX_FEATURE:1cxx_sizeof_member
    Feature record: CXX_FEATURE:1cxx_static_assert
    Feature record: CXX_FEATURE:1cxx_strong_enums
    Feature record: CXX_FEATURE:1cxx_template_template_parameters
    Feature record: CXX_FEATURE:1cxx_thread_local
    Feature record: CXX_FEATURE:1cxx_trailing_return_types
    Feature record: CXX_FEATURE:1cxx_unicode_literals
    Feature record: CXX_FEATURE:1cxx_uniform_initialization
    Feature record: CXX_FEATURE:1cxx_unrestricted_unions
    Feature record: CXX_FEATURE:1cxx_user_literals
    Feature record: CXX_FEATURE:1cxx_variable_templates
    Feature record: CXX_FEATURE:1cxx_variadic_macros
    Feature record: CXX_FEATURE:1cxx_variadic_templates


Detecting CXX [-std=c++14] compiler features compiled with the following output:
Change Dir: /home/rutger/Programming/C++/openGL/Rugine/build/CMakeFiles/CMakeTmp

Run Build Command:"/usr/bin/make" "cmTC_29708/fast"
/usr/bin/make -f CMakeFiles/cmTC_29708.dir/build.make CMakeFiles/cmTC_29708.dir/build
make[1]: Entering directory '/home/rutger/Programming/C++/openGL/Rugine/build/CMakeFiles/CMakeTmp'
Building CXX object CMakeFiles/cmTC_29708.dir/feature_tests.cxx.o
/usr/bin/c++    -std=c++14 -o CMakeFiles/cmTC_29708.dir/feature_tests.cxx.o -c /home/rutger/Programming/C++/openGL/Rugine/build/CMakeFiles/feature_tests.cxx
Linking CXX executable cmTC_29708
/usr/bin/cmake -E cmake_link_script CMakeFiles/cmTC_29708.dir/link.txt --verbose=1
/usr/bin/c++       -rdynamic CMakeFiles/cmTC_29708.dir/feature_tests.cxx.o  -o cmTC_29708 
make[1]: Leaving directory '/home/rutger/Programming/C++/openGL/Rugine/build/CMakeFiles/CMakeTmp'


    Feature record: CXX_FEATURE:1cxx_aggregate_default_initializers
    Feature record: CXX_FEATURE:1cxx_alias_templates
    Feature record: CXX_FEATURE:1cxx_alignas
    Feature record: CXX_FEATURE:1cxx_alignof
    Feature record: CXX_FEATURE:1cxx_attributes
    Feature record: CXX_FEATURE:1cxx_attribute_deprecated
    Feature record: CXX_FEATURE:1cxx_auto_type
    Feature record: CXX_FEATURE:1cxx_binary_literals
    Feature record: CXX_FEATURE:1cxx_constexpr
    Feature record: CXX_FEATURE:1cxx_contextual_conversions
    Feature record: CXX_FEATURE:1cxx_decltype
    Feature record: CXX_FEATURE:1cxx_decltype_auto
    Feature record: CXX_FEATURE:1cxx_decltype_incomplete_return_types
    Feature record: CXX_FEATURE:1cxx_default_function_template_args
    Feature record: CXX_FEATURE:1cxx_defaulted_functions
    Feature record: CXX_FEATURE:1cxx_defaulted_move_initializers
    Feature record: CXX_FEATURE:1cxx_delegating_constructors
    Feature record: CXX_FEATURE:1cxx_deleted_functions
    Feature record: CXX_FEATURE:1cxx_digit_separators
    Feature record: CXX_FEATURE:1cxx_enum_forward_declarations
    Feature record: CXX_FEATURE:1cxx_explicit_conversions
    Feature record: CXX_FEATURE:1cxx_extended_friend_declarations
    Feature record: CXX_FEATURE:1cxx_extern_templates
    Feature record: CXX_FEATURE:1cxx_final
    Feature record: CXX_FEATURE:1cxx_func_identifier
    Feature record: CXX_FEATURE:1cxx_generalized_initializers
    Feature record: CXX_FEATURE:1cxx_generic_lambdas
    Feature record: CXX_FEATURE:1cxx_inheriting_constructors
    Feature record: CXX_FEATURE:1cxx_inline_namespaces
    Feature record: CXX_FEATURE:1cxx_lambdas
    Feature record: CXX_FEATURE:1cxx_lambda_init_captures
    Feature record: CXX_FEATURE:1cxx_local_type_template_args
    Feature record: CXX_FEATURE:1cxx_long_long_type
    Feature record: CXX_FEATURE:1cxx_noexcept
    Feature record: CXX_FEATURE:1cxx_nonstatic_member_init
    Feature record: CXX_FEATURE:1cxx_nullptr
    Feature record: CXX_FEATURE:1cxx_override
    Feature record: CXX_FEATURE:1cxx_range_for
    Feature record: CXX_FEATURE:1cxx_raw_string_literals
    Feature record: CXX_FEATURE:1cxx_reference_qualified_functions
    Feature record: CXX_FEATURE:1cxx_relaxed_constexpr
    Feature record: CXX_FEATURE:1cxx_return_type_deduction
    Feature record: CXX_FEATURE:1cxx_right_angle_brackets
    Feature record: CXX_FEATURE:1cxx_rvalue_references
    Feature record: CXX_FEATURE:1cxx_sizeof_member
    Feature record: CXX_FEATURE:1cxx_static_assert
    Feature record: CXX_FEATURE:1cxx_strong_enums
    Feature record: CXX_FEATURE:1cxx_template_template_parameters
    Feature record: CXX_FEATURE:1cxx_thread_local
    Feature record: CXX_FEATURE:1cxx_trailing_return_types
    Feature record: CXX_FEATURE:1cxx_unicode_literals
    Feature record: CXX_FEATURE:1cxx_uniform_initialization
    Feature record: CXX_FEATURE:1cxx_unrestricted_unions
    Feature record: CXX_FEATURE:1cxx_user_literals
    Feature record: CXX_FEATURE:1cxx_variable_templates
    Feature record: CXX_FEATURE:1cxx_variadic_macros
    Feature record: CXX_FEATURE:1cxx_variadic_templates


Detecting CXX [-std=c++11] compiler features compiled with the following output:
Change Dir: /home/rutger/Programming/C++/openGL/Rugine/build/CMakeFiles/CMakeTmp

Run Build Command:"/usr/bin/make" "cmTC_d9d49/fast"
/usr/bin/make -f CMakeFiles/cmTC_d9d49.dir/build.make CMakeFiles/cmTC_d9d49.dir/build
make[1]: Entering directory '/home/rutger/Programming/C++/openGL/Rugine/build/CMakeFiles/CMakeTmp'
Building CXX object CMakeFiles/cmTC_d9d49.dir/feature_tests.cxx.o
/usr/bin/c++    -std=c++11 -o CMakeFiles/cmTC_d9d49.dir/feature_tests.cxx.o -c /home/rutger/Programming/C++/openGL/Rugine/build/CMakeFiles/feature_tests.cxx
Linking CXX executable cmTC_d9d49
/usr/bin/cmake -E cmake_link_script CMakeFiles/cmTC_d9d49.dir/link.txt --verbose=1
/usr/bin/c++       -rdynamic CMakeFiles/cmTC_d9d49.dir/feature_tests.cxx.o  -o cmTC_d9d49 
make[1]: Leaving directory '/home/rutger/Programming/C++/openGL/Rugine/build/CMakeFiles/CMakeTmp'


    Feature record: CXX_FEATURE:0cxx_aggregate_default_initializers
    Feature record: CXX_FEATURE:1cxx_alias_templates
    Feature record: CXX_FEATURE:1cxx_alignas
    Feature record: CXX_FEATURE:1cxx_alignof
    Feature record: CXX_FEATURE:1cxx_attributes
    Feature record: CXX_FEATURE:0cxx_attribute_deprecated
    Feature record: CXX_FEATURE:1cxx_auto_type
    Feature record: CXX_FEATURE:0cxx_binary_literals
    Feature record: CXX_FEATURE:1cxx_constexpr
    Feature record: CXX_FEATURE:0cxx_contextual_conversions
    Feature record: CXX_FEATURE:1cxx_decltype
    Feature record: CXX_FEATURE:0cxx_decltype_auto
    Feature record: CXX_FEATURE:1cxx_decltype_incomplete_return_types
    Feature record: CXX_FEATURE:1cxx_default_function_template_args
    Feature record: CXX_FEATURE:1cxx_defaulted_functions
    Feature record: CXX_FEATURE:1cxx_defaulted_move_initializers
    Feature record: CXX_FEATURE:1cxx_delegating_constructors
    Feature record: CXX_FEATURE:1cxx_deleted_functions
    Feature record: CXX_FEATURE:0cxx_digit_separators
    Feature record: CXX_FEATURE:1cxx_enum_forward_declarations
    Feature record: CXX_FEATURE:1cxx_explicit_conversions
    Feature record: CXX_FEATURE:1cxx_extended_friend_declarations
    Feature record: CXX_FEATURE:1cxx_extern_templates
    Feature record: CXX_FEATURE:1cxx_final
    Feature record: CXX_FEATURE:1cxx_func_identifier
    Feature record: CXX_FEATURE:1cxx_generalized_initializers
    Feature record: CXX_FEATURE:0cxx_generic_lambdas
    Feature record: CXX_FEATURE:1cxx_inheriting_constructors
    Feature record: CXX_FEATURE:1cxx_inline_namespaces
    Feature record: CXX_FEATURE:1cxx_lambdas
    Feature record: CXX_FEATURE:0cxx_lambda_init_captures
    Feature record: CXX_FEATURE:1cxx_local_type_template_args
    Feature record: CXX_FEATURE:1cxx_long_long_type
    Feature record: CXX_FEATURE:1cxx_noexcept
    Feature record: CXX_FEATURE:1cxx_nonstatic_member_init
    Feature record: CXX_FEATURE:1cxx_nullptr
    Feature record: CXX_FEATURE:1cxx_override
    Feature record: CXX_FEATURE:1cxx_range_for
    Feature record: CXX_FEATURE:1cxx_raw_string_literals
    Feature record: CXX_FEATURE:1cxx_reference_qualified_functions
    Feature record: CXX_FEATURE:0cxx_relaxed_constexpr
    Feature record: CXX_FEATURE:0cxx_return_type_deduction
    Feature record: CXX_FEATURE:1cxx_right_angle_brackets
    Feature record: CXX_FEATURE:1cxx_rvalue_references
    Feature record: CXX_FEATURE:1cxx_sizeof_member
    Feature record: CXX_FEATURE:1cxx_static_assert
    Feature record: CXX_FEATURE:1cxx_strong_enums
    Feature record: CXX_FEATURE:1cxx_template_template_parameters
    Feature record: CXX_FEATURE:1cxx_thread_local
    Feature record: CXX_FEATURE:1cxx_trailing_return_types
    Feature record: CXX_FEATURE:1cxx_unicode_literals
    Feature record: CXX_FEATURE:1cxx_uniform_initialization
    Feature record: CXX_FEATURE:1cxx_unrestricted_unions
    Feature record: CXX_FEATURE:1cxx_user_literals
    Feature record: CXX_FEATURE:0cxx_variable_templates
    Feature record: CXX_FEATURE:1cxx_variadic_macros
    Feature record: CXX_FEATURE:1cxx_variadic_templates


Detecting CXX [-std=c++98] compiler features compiled with the following output:
Change Dir: /home/rutger/Programming/C++/openGL/Rugine/build/CMakeFiles/CMakeTmp

Run Build Command:"/usr/bin/make" "cmTC_098f7/fast"
/usr/bin/make -f CMakeFiles/cmTC_098f7.dir/build.make CMakeFiles/cmTC_098f7.dir/build
make[1]: Entering directory '/home/rutger/Programming/C++/openGL/Rugine/build/CMakeFiles/CMakeTmp'
Building CXX object CMakeFiles/cmTC_098f7.dir/feature_tests.cxx.o
/usr/bin/c++    -std=c++98 -o CMakeFiles/cmTC_098f7.dir/feature_tests.cxx.o -c /home/rutger/Programming/C++/openGL/Rugine/build/CMakeFiles/feature_tests.cxx
Linking CXX executable cmTC_098f7
/usr/bin/cmake -E cmake_link_script CMakeFiles/cmTC_098f7.dir/link.txt --verbose=1
/usr/bin/c++       -rdynamic CMakeFiles/cmTC_098f7.dir/feature_tests.cxx.o  -o cmTC_098f7 
make[1]: Leaving directory '/home/rutger/Programming/C++/openGL/Rugine/build/CMakeFiles/CMakeTmp'


    Feature record: CXX_FEATURE:0cxx_aggregate_default_initializers
    Feature record: CXX_FEATURE:0cxx_alias_templates
    Feature record: CXX_FEATURE:0cxx_alignas
    Feature record: CXX_FEATURE:0cxx_alignof
    Feature record: CXX_FEATURE:0cxx_attributes
    Feature record: CXX_FEATURE:0cxx_attribute_deprecated
    Feature record: CXX_FEATURE:0cxx_auto_type
    Feature record: CXX_FEATURE:0cxx_binary_literals
    Feature record: CXX_FEATURE:0cxx_constexpr
    Feature record: CXX_FEATURE:0cxx_contextual_conversions
    Feature record: CXX_FEATURE:0cxx_decltype
    Feature record: CXX_FEATURE:0cxx_decltype_auto
    Feature record: CXX_FEATURE:0cxx_decltype_incomplete_return_types
    Feature record: CXX_FEATURE:0cxx_default_function_template_args
    Feature record: CXX_FEATURE:0cxx_defaulted_functions
    Feature record: CXX_FEATURE:0cxx_defaulted_move_initializers
    Feature record: CXX_FEATURE:0cxx_delegating_constructors
    Feature record: CXX_FEATURE:0cxx_deleted_functions
    Feature record: CXX_FEATURE:0cxx_digit_separators
    Feature record: CXX_FEATURE:0cxx_enum_forward_declarations
    Feature record: CXX_FEATURE:0cxx_explicit_conversions
    Feature record: CXX_FEATURE:0cxx_extended_friend_declarations
    Feature record: CXX_FEATURE:0cxx_extern_templates
    Feature record: CXX_FEATURE:0cxx_final
    Feature record: CXX_FEATURE:0cxx_func_identifier
    Feature record: CXX_FEATURE:0cxx_generalized_initializers
    Feature record: CXX_FEATURE:0cxx_generic_lambdas
    Feature record: CXX_FEATURE:0cxx_inheriting_constructors
    Feature record: CXX_FEATURE:0cxx_inline_namespaces
    Feature record: CXX_FEATURE:0cxx_lambdas
    Feature record: CXX_FEATURE:0cxx_lambda_init_captures
    Feature record: CXX_FEATURE:0cxx_local_type_template_args
    Feature record: CXX_FEATURE:0cxx_long_long_type
    Feature record: CXX_FEATURE:0cxx_noexcept
    Feature record: CXX_FEATURE:0cxx_nonstatic_member_init
    Feature record: CXX_FEATURE:0cxx_nullptr
    Feature record: CXX_FEATURE:0cxx_override
    Feature record: CXX_FEATURE:0cxx_range_for
    Feature record: CXX_FEATURE:0cxx_raw_string_literals
    Feature record: CXX_FEATURE:0cxx_reference_qualified_functions
    Feature record: CXX_FEATURE:0cxx_relaxed_constexpr
    Feature record: CXX_FEATURE:0cxx_return_type_deduction
    Feature record: CXX_FEATURE:0cxx_right_angle_brackets
    Feature record: CXX_FEATURE:0cxx_rvalue_references
    Feature record: CXX_FEATURE:0cxx_sizeof_member
    Feature record: CXX_FEATURE:0cxx_static_assert
    Feature record: CXX_FEATURE:0cxx_strong_enums
    Feature record: CXX_FEATURE:1cxx_template_template_parameters
    Feature record: CXX_FEATURE:0cxx_thread_local
    Feature record: CXX_FEATURE:0cxx_trailing_return_types
    Feature record: CXX_FEATURE:0cxx_unicode_literals
    Feature record: CXX_FEATURE:0cxx_uniform_initialization
    Feature record: CXX_FEATURE:0cxx_unrestricted_unions
    Feature record: CXX_FEATURE:0cxx_user_literals
    Feature record: CXX_FEATURE:0cxx_variable_templates
    Feature record: CXX_FEATURE:0cxx_variadic_macros
    Feature record: CXX_FEATURE:0cxx_variadic_templates
Determining if the include file pthread.h exists passed with the following output:
Change Dir: /home/rutger/Programming/C++/openGL/Rugine/build/CMakeFiles/CMakeTmp

Run Build Command:"/usr/bin/make" "cmTC_1d4a4/fast"
/usr/bin/make -f CMakeFiles/cmTC_1d4a4.dir/build.make CMakeFiles/cmTC_1d4a4.dir/build
make[1]: Entering directory '/home/rutger/Programming/C++/openGL/Rugine/build/CMakeFiles/CMakeTmp'
Building C object CMakeFiles/cmTC_1d4a4.dir/CheckIncludeFile.c.o
/usr/bin/cc    -o CMakeFiles/cmTC_1d4a4.dir/CheckIncludeFile.c.o   -c /home/rutger/Programming/C++/openGL/Rugine/build/CMakeFiles/CMakeTmp/CheckIncludeFile.c
Linking C executable cmTC_1d4a4
/usr/bin/cmake -E cmake_link_script CMakeFiles/cmTC_1d4a4.dir/link.txt --verbose=1
/usr/bin/cc      -rdynamic CMakeFiles/cmTC_1d4a4.dir/CheckIncludeFile.c.o  -o cmTC_1d4a4 
make[1]: Leaving directory '/home/rutger/Programming/C++/openGL/Rugine/build/CMakeFiles/CMakeTmp'


Determining if the function pthread_create exists in the pthread passed with the following output:
Change Dir: /home/rutger/Programming/C++/openGL/Rugine/build/CMakeFiles/CMakeTmp

Run Build Command:"/usr/bin/make" "cmTC_99dfc/fast"
/usr/bin/make -f CMakeFiles/cmTC_99dfc.dir/build.make CMakeFiles/cmTC_99dfc.dir/build
make[1]: Entering directory '/home/rutger/Programming/C++/openGL/Rugine/build/CMakeFiles/CMakeTmp'
Building C object CMakeFiles/cmTC_99dfc.dir/CheckFunctionExists.c.o
/usr/bin/cc   -DCHECK_FUNCTION_EXISTS=pthread_create   -o CMakeFiles/cmTC_99dfc.dir/CheckFunctionExists.c.o   -c /usr/share/cmake-3.9/Modules/CheckFunctionExists.c
Linking C executable cmTC_99dfc
/usr/bin/cmake -E cmake_link_script CMakeFiles/cmTC_99dfc.dir/link.txt --verbose=1
/usr/bin/cc  -DCHECK_FUNCTION_EXISTS=pthread_create    -rdynamic CMakeFiles/cmTC_99dfc.dir/CheckFunctionExists.c.o  -o cmTC_99dfc -lpthread 
make[1]: Leaving directory '/home/rutger/Programming/C++/openGL/Rugine/build/CMakeFiles/CMakeTmp'


Determining if the function XOpenDisplay exists in the /usr/lib/libX11.so;/usr/lib/libXext.so passed with the following output:
Change Dir: /home/rutger/Programming/C++/openGL/Rugine/build/CMakeFiles/CMakeTmp

Run Build Command:"/usr/bin/make" "cmTC_e1470/fast"
/usr/bin/make -f CMakeFiles/cmTC_e1470.dir/build.make CMakeFiles/cmTC_e1470.dir/build
make[1]: Entering directory '/home/rutger/Programming/C++/openGL/Rugine/build/CMakeFiles/CMakeTmp'
Building C object CMakeFiles/cmTC_e1470.dir/CheckFunctionExists.c.o
/usr/bin/cc   -DCHECK_FUNCTION_EXISTS=XOpenDisplay   -o CMakeFiles/cmTC_e1470.dir/CheckFunctionExists.c.o   -c /usr/share/cmake-3.9/Modules/CheckFunctionExists.c
Linking C executable cmTC_e1470
/usr/bin/cmake -E cmake_link_script CMakeFiles/cmTC_e1470.dir/link.txt --verbose=1
/usr/bin/cc  -DCHECK_FUNCTION_EXISTS=XOpenDisplay    -rdynamic CMakeFiles/cmTC_e1470.dir/CheckFunctionExists.c.o  -o cmTC_e1470 /usr/lib/libX11.so /usr/lib/libXext.so 
make[1]: Leaving directory '/home/rutger/Programming/C++/openGL/Rugine/build/CMakeFiles/CMakeTmp'


Determining if the function gethostbyname exists passed with the following output:
Change Dir: /home/rutger/Programming/C++/openGL/Rugine/build/CMakeFiles/CMakeTmp

Run Build Command:"/usr/bin/make" "cmTC_9aa1b/fast"
/usr/bin/make -f CMakeFiles/cmTC_9aa1b.dir/build.make CMakeFiles/cmTC_9aa1b.dir/build
make[1]: Entering directory '/home/rutger/Programming/C++/openGL/Rugine/build/CMakeFiles/CMakeTmp'
Building C object CMakeFiles/cmTC_9aa1b.dir/CheckFunctionExists.c.o
/usr/bin/cc   -DCHECK_FUNCTION_EXISTS=gethostbyname   -o CMakeFiles/cmTC_9aa1b.dir/CheckFunctionExists.c.o   -c /usr/share/cmake-3.9/Modules/CheckFunctionExists.c
Linking C executable cmTC_9aa1b
/usr/bin/cmake -E cmake_link_script CMakeFiles/cmTC_9aa1b.dir/link.txt --verbose=1
/usr/bin/cc  -DCHECK_FUNCTION_EXISTS=gethostbyname    -rdynamic CMakeFiles/cmTC_9aa1b.dir/CheckFunctionExists.c.o  -o cmTC_9aa1b 
make[1]: Leaving directory '/home/rutger/Programming/C++/openGL/Rugine/build/CMakeFiles/CMakeTmp'


Determining if the function connect exists passed with the following output:
Change Dir: /home/rutger/Programming/C++/openGL/Rugine/build/CMakeFiles/CMakeTmp

Run Build Command:"/usr/bin/make" "cmTC_ec803/fast"
/usr/bin/make -f CMakeFiles/cmTC_ec803.dir/build.make CMakeFiles/cmTC_ec803.dir/build
make[1]: Entering directory '/home/rutger/Programming/C++/openGL/Rugine/build/CMakeFiles/CMakeTmp'
Building C object CMakeFiles/cmTC_ec803.dir/CheckFunctionExists.c.o
/usr/bin/cc   -DCHECK_FUNCTION_EXISTS=connect   -o CMakeFiles/cmTC_ec803.dir/CheckFunctionExists.c.o   -c /usr/share/cmake-3.9/Modules/CheckFunctionExists.c
Linking C executable cmTC_ec803
/usr/bin/cmake -E cmake_link_script CMakeFiles/cmTC_ec803.dir/link.txt --verbose=1
/usr/bin/cc  -DCHECK_FUNCTION_EXISTS=connect    -rdynamic CMakeFiles/cmTC_ec803.dir/CheckFunctionExists.c.o  -o cmTC_ec803 
make[1]: Leaving directory '/home/rutger/Programming/C++/openGL/Rugine/build/CMakeFiles/CMakeTmp'


Determining if the function remove exists passed with the following output:
Change Dir: /home/rutger/Programming/C++/openGL/Rugine/build/CMakeFiles/CMakeTmp

Run Build Command:"/usr/bin/make" "cmTC_d3f13/fast"
/usr/bin/make -f CMakeFiles/cmTC_d3f13.dir/build.make CMakeFiles/cmTC_d3f13.dir/build
make[1]: Entering directory '/home/rutger/Programming/C++/openGL/Rugine/build/CMakeFiles/CMakeTmp'
Building C object CMakeFiles/cmTC_d3f13.dir/CheckFunctionExists.c.o
/usr/bin/cc   -DCHECK_FUNCTION_EXISTS=remove   -o CMakeFiles/cmTC_d3f13.dir/CheckFunctionExists.c.o   -c /usr/share/cmake-3.9/Modules/CheckFunctionExists.c
Linking C executable cmTC_d3f13
/usr/bin/cmake -E cmake_link_script CMakeFiles/cmTC_d3f13.dir/link.txt --verbose=1
/usr/bin/cc  -DCHECK_FUNCTION_EXISTS=remove    -rdynamic CMakeFiles/cmTC_d3f13.dir/CheckFunctionExists.c.o  -o cmTC_d3f13 
make[1]: Leaving directory '/home/rutger/Programming/C++/openGL/Rugine/build/CMakeFiles/CMakeTmp'


Determining if the function shmat exists passed with the following output:
Change Dir: /home/rutger/Programming/C++/openGL/Rugine/build/CMakeFiles/CMakeTmp

Run Build Command:"/usr/bin/make" "cmTC_66d19/fast"
/usr/bin/make -f CMakeFiles/cmTC_66d19.dir/build.make CMakeFiles/cmTC_66d19.dir/build
make[1]: Entering directory '/home/rutger/Programming/C++/openGL/Rugine/build/CMakeFiles/CMakeTmp'
Building C object CMakeFiles/cmTC_66d19.dir/CheckFunctionExists.c.o
/usr/bin/cc   -DCHECK_FUNCTION_EXISTS=shmat   -o CMakeFiles/cmTC_66d19.dir/CheckFunctionExists.c.o   -c /usr/share/cmake-3.9/Modules/CheckFunctionExists.c
Linking C executable cmTC_66d19
/usr/bin/cmake -E cmake_link_script CMakeFiles/cmTC_66d19.dir/link.txt --verbose=1
/usr/bin/cc  -DCHECK_FUNCTION_EXISTS=shmat    -rdynamic CMakeFiles/cmTC_66d19.dir/CheckFunctionExists.c.o  -o cmTC_66d19 
make[1]: Leaving directory '/home/rutger/Programming/C++/openGL/Rugine/build/CMakeFiles/CMakeTmp'


Determining if the function IceConnectionNumber exists in the ICE passed with the following output:
Change Dir: /home/rutger/Programming/C++/openGL/Rugine/build/CMakeFiles/CMakeTmp

Run Build Command:"/usr/bin/make" "cmTC_bc316/fast"
/usr/bin/make -f CMakeFiles/cmTC_bc316.dir/build.make CMakeFiles/cmTC_bc316.dir/build
make[1]: Entering directory '/home/rutger/Programming/C++/openGL/Rugine/build/CMakeFiles/CMakeTmp'
Building C object CMakeFiles/cmTC_bc316.dir/CheckFunctionExists.c.o
/usr/bin/cc   -DCHECK_FUNCTION_EXISTS=IceConnectionNumber   -o CMakeFiles/cmTC_bc316.dir/CheckFunctionExists.c.o   -c /usr/share/cmake-3.9/Modules/CheckFunctionExists.c
Linking C executable cmTC_bc316
/usr/bin/cmake -E cmake_link_script CMakeFiles/cmTC_bc316.dir/link.txt --verbose=1
/usr/bin/cc  -DCHECK_FUNCTION_EXISTS=IceConnectionNumber    -rdynamic CMakeFiles/cmTC_bc316.dir/CheckFunctionExists.c.o  -o cmTC_bc316 -lICE 
make[1]: Leaving directory '/home/rutger/Programming/C++/openGL/Rugine/build/CMakeFiles/CMakeTmp'


Determining if the function glXGetProcAddress exists passed with the following output:
Change Dir: /home/rutger/Programming/C++/openGL/Rugine/build/CMakeFiles/CMakeTmp

Run Build Command:"/usr/bin/make" "cmTC_f8a40/fast"
/usr/bin/make -f CMakeFiles/cmTC_f8a40.dir/build.make CMakeFiles/cmTC_f8a40.dir/build
make[1]: Entering directory '/home/rutger/Programming/C++/openGL/Rugine/build/CMakeFiles/CMakeTmp'
Building C object CMakeFiles/cmTC_f8a40.dir/CheckFunctionExists.c.o
/usr/bin/cc   -DCHECK_FUNCTION_EXISTS=glXGetProcAddress   -o CMakeFiles/cmTC_f8a40.dir/CheckFunctionExists.c.o   -c /usr/share/cmake-3.9/Modules/CheckFunctionExists.c
Linking C executable cmTC_f8a40
/usr/bin/cmake -E cmake_link_script CMakeFiles/cmTC_f8a40.dir/link.txt --verbose=1
/usr/bin/cc  -DCHECK_FUNCTION_EXISTS=glXGetProcAddress    -rdynamic CMakeFiles/cmTC_f8a40.dir/CheckFunctionExists.c.o  -o cmTC_f8a40 /usr/lib/libGL.so 
make[1]: Leaving directory '/home/rutger/Programming/C++/openGL/Rugine/build/CMakeFiles/CMakeTmp'


Determining if the function glXGetProcAddressARB exists passed with the following output:
Change Dir: /home/rutger/Programming/C++/openGL/Rugine/build/CMakeFiles/CMakeTmp

Run Build Command:"/usr/bin/make" "cmTC_2be8e/fast"
/usr/bin/make -f CMakeFiles/cmTC_2be8e.dir/build.make CMakeFiles/cmTC_2be8e.dir/build
make[1]: Entering directory '/home/rutger/Programming/C++/openGL/Rugine/build/CMakeFiles/CMakeTmp'
Building C object CMakeFiles/cmTC_2be8e.dir/CheckFunctionExists.c.o
/usr/bin/cc   -DCHECK_FUNCTION_EXISTS=glXGetProcAddressARB   -o CMakeFiles/cmTC_2be8e.dir/CheckFunctionExists.c.o   -c /usr/share/cmake-3.9/Modules/CheckFunctionExists.c
Linking C executable cmTC_2be8e
/usr/bin/cmake -E cmake_link_script CMakeFiles/cmTC_2be8e.dir/link.txt --verbose=1
/usr/bin/cc  -DCHECK_FUNCTION_EXISTS=glXGetProcAddressARB    -rdynamic CMakeFiles/cmTC_2be8e.dir/CheckFunctionExists.c.o  -o cmTC_2be8e /usr/lib/libGL.so 
make[1]: Leaving directory '/home/rutger/Programming/C++/openGL/Rugine/build/CMakeFiles/CMakeTmp'


